<?xml version="1.0" encoding="UTF-8"?>
<testng-results ignored="0" total="1" passed="1" failed="0" skipped="0">
  <reporter-output>
  </reporter-output>
  <suite started-at="2022-11-21T22:15:24 WIB" name="Default suite" finished-at="2022-11-21T22:15:41 WIB" duration-ms="16246">
    <groups>
    </groups>
    <test started-at="2022-11-21T22:15:24 WIB" name="Default test" finished-at="2022-11-21T22:15:41 WIB" duration-ms="16246">
      <class name="com.ormorange.test.loginTest">
        <test-method is-config="true" signature="preSetup()[pri:0, instance:com.ormorange.test.loginTest@68e965f5]" started-at="2022-11-21T22:15:24 WIB" name="preSetup" finished-at="2022-11-21T22:15:40 WIB" duration-ms="15931" status="PASS">
          <reporter-output>
          </reporter-output>
        </test-method> <!-- preSetup -->
        <test-method is-config="true" signature="setUp()[pri:0, instance:com.ormorange.test.loginTest@68e965f5]" started-at="2022-11-21T22:15:40 WIB" name="setUp" finished-at="2022-11-21T22:15:40 WIB" duration-ms="1" status="PASS">
          <reporter-output>
          </reporter-output>
        </test-method> <!-- setUp -->
        <test-method signature="TestLogin()[pri:0, instance:com.ormorange.test.loginTest@68e965f5]" started-at="2022-11-21T22:15:40 WIB" name="TestLogin" finished-at="2022-11-21T22:15:40 WIB" duration-ms="62" status="PASS">
          <reporter-output>
          </reporter-output>
        </test-method> <!-- TestLogin -->
        <test-method is-config="true" signature="cleanUp()[pri:0, instance:com.ormorange.test.loginTest@68e965f5]" started-at="2022-11-21T22:15:40 WIB" name="cleanUp" finished-at="2022-11-21T22:15:40 WIB" duration-ms="0" status="PASS">
          <reporter-output>
          </reporter-output>
        </test-method> <!-- cleanUp -->
        <test-method is-config="true" signature="postCleanUp()[pri:0, instance:com.ormorange.test.loginTest@68e965f5]" started-at="2022-11-21T22:15:40 WIB" name="postCleanUp" finished-at="2022-11-21T22:15:41 WIB" duration-ms="192" status="PASS">
          <reporter-output>
          </reporter-output>
        </test-method> <!-- postCleanUp -->
      </class> <!-- com.ormorange.test.loginTest -->
    </test> <!-- Default test -->
  </suite> <!-- Default suite -->
</testng-results>
